app/build/intermediates/manifest_merge_blame_file/debug/manifest-merger-blame-debug-report.txt
1<?xml version="1.0" encoding="utf-8"?>
2<manifest xmlns:android="http://schemas.android.com/apk/res/android"
3    package="com.sherdle.webtoap"
4    android:versionCode="1"
5    android:versionName="1.0" >
6
7    <uses-sdk
8        android:minSdkVersion="16"
8-->src\main\AndroidManifest.xml
9        android:targetSdkVersion="29" />
9-->src\main\AndroidManifest.xml
10
11    <uses-permission android:name="android.permission.INTERNET" />
11-->src\main\AndroidManifest.xml:6:5-67
11-->src\main\AndroidManifest.xml:6:22-64
12    <uses-permission android:name="android.permission.WRITE_EXTERNAL_STORAGE" />
12-->src\main\AndroidManifest.xml:7:5-81
12-->src\main\AndroidManifest.xml:7:22-78
13    <uses-permission android:name="android.permission.ACCESS_NETWORK_STATE" />
13-->src\main\AndroidManifest.xml:8:5-79
13-->src\main\AndroidManifest.xml:8:22-76
14    <uses-permission android:name="android.permission.RECEIVE_BOOT_COMPLETED" />
14-->src\main\AndroidManifest.xml:9:5-81
14-->src\main\AndroidManifest.xml:9:22-78
15    <uses-permission android:name="android.permission.VIBRATE" />
15-->src\main\AndroidManifest.xml:10:5-66
15-->src\main\AndroidManifest.xml:10:22-63
16    <uses-permission android:name="android.permission.WAKE_LOCK" />
16-->src\main\AndroidManifest.xml:11:5-68
16-->src\main\AndroidManifest.xml:11:22-65
17    <uses-permission android:name="android.permission.GET_ACCOUNTS" />
17-->src\main\AndroidManifest.xml:12:5-71
17-->src\main\AndroidManifest.xml:12:22-68
18    <uses-permission android:name="android.permission.ACCESS_FINE_LOCATION" />
18-->src\main\AndroidManifest.xml:13:5-79
18-->src\main\AndroidManifest.xml:13:22-76
19
20    <!-- Create a unique permission for your app and use it so only your app can receive your OneSignal messages. -->
21    <permission
21-->[com.onesignal:OneSignal:3.13.2] AndroidManifest.xml:7:5-9:47
22        android:name="com.sherdle.webtoap.permission.C2D_MESSAGE"
22-->[com.onesignal:OneSignal:3.13.2] AndroidManifest.xml:8:9-63
23        android:protectionLevel="signature" />
23-->[com.onesignal:OneSignal:3.13.2] AndroidManifest.xml:9:9-44
24
25    <uses-permission android:name="com.sherdle.webtoap.permission.C2D_MESSAGE" />
25-->[com.onesignal:OneSignal:3.13.2] AndroidManifest.xml:11:5-79
25-->[com.onesignal:OneSignal:3.13.2] AndroidManifest.xml:11:22-76
26    <uses-permission android:name="com.google.android.c2dm.permission.RECEIVE" /> <!-- START: ShortcutBadger -->
26-->[com.onesignal:OneSignal:3.13.2] AndroidManifest.xml:17:5-82
26-->[com.onesignal:OneSignal:3.13.2] AndroidManifest.xml:17:22-79
27    <!-- Samsung -->
28    <uses-permission android:name="com.sec.android.provider.badge.permission.READ" />
28-->[com.onesignal:OneSignal:3.13.2] AndroidManifest.xml:31:5-86
28-->[com.onesignal:OneSignal:3.13.2] AndroidManifest.xml:31:22-83
29    <uses-permission android:name="com.sec.android.provider.badge.permission.WRITE" /> <!-- HTC -->
29-->[com.onesignal:OneSignal:3.13.2] AndroidManifest.xml:32:5-87
29-->[com.onesignal:OneSignal:3.13.2] AndroidManifest.xml:32:22-84
30    <uses-permission android:name="com.htc.launcher.permission.READ_SETTINGS" />
30-->[com.onesignal:OneSignal:3.13.2] AndroidManifest.xml:33:5-81
30-->[com.onesignal:OneSignal:3.13.2] AndroidManifest.xml:33:22-78
31    <uses-permission android:name="com.htc.launcher.permission.UPDATE_SHORTCUT" /> <!-- Sony -->
31-->[com.onesignal:OneSignal:3.13.2] AndroidManifest.xml:34:5-83
31-->[com.onesignal:OneSignal:3.13.2] AndroidManifest.xml:34:22-80
32    <uses-permission android:name="com.sonyericsson.home.permission.BROADCAST_BADGE" />
32-->[com.onesignal:OneSignal:3.13.2] AndroidManifest.xml:35:5-88
32-->[com.onesignal:OneSignal:3.13.2] AndroidManifest.xml:35:22-85
33    <uses-permission android:name="com.sonymobile.home.permission.PROVIDER_INSERT_BADGE" /> <!-- Apex -->
33-->[com.onesignal:OneSignal:3.13.2] AndroidManifest.xml:36:5-92
33-->[com.onesignal:OneSignal:3.13.2] AndroidManifest.xml:36:22-89
34    <uses-permission android:name="com.anddoes.launcher.permission.UPDATE_COUNT" /> <!-- Solid -->
34-->[com.onesignal:OneSignal:3.13.2] AndroidManifest.xml:37:5-84
34-->[com.onesignal:OneSignal:3.13.2] AndroidManifest.xml:37:22-81
35    <uses-permission android:name="com.majeur.launcher.permission.UPDATE_BADGE" /> <!-- Huawei -->
35-->[com.onesignal:OneSignal:3.13.2] AndroidManifest.xml:38:5-83
35-->[com.onesignal:OneSignal:3.13.2] AndroidManifest.xml:38:22-80
36    <uses-permission android:name="com.huawei.android.launcher.permission.CHANGE_BADGE" />
36-->[com.onesignal:OneSignal:3.13.2] AndroidManifest.xml:39:5-91
36-->[com.onesignal:OneSignal:3.13.2] AndroidManifest.xml:39:22-88
37    <uses-permission android:name="com.huawei.android.launcher.permission.READ_SETTINGS" />
37-->[com.onesignal:OneSignal:3.13.2] AndroidManifest.xml:40:5-92
37-->[com.onesignal:OneSignal:3.13.2] AndroidManifest.xml:40:22-89
38    <uses-permission android:name="com.huawei.android.launcher.permission.WRITE_SETTINGS" /> <!-- ZUK -->
38-->[com.onesignal:OneSignal:3.13.2] AndroidManifest.xml:41:5-93
38-->[com.onesignal:OneSignal:3.13.2] AndroidManifest.xml:41:22-90
39    <uses-permission android:name="android.permission.READ_APP_BADGE" /> <!-- OPPO -->
39-->[com.onesignal:OneSignal:3.13.2] AndroidManifest.xml:42:5-73
39-->[com.onesignal:OneSignal:3.13.2] AndroidManifest.xml:42:22-70
40    <uses-permission android:name="com.oppo.launcher.permission.READ_SETTINGS" />
40-->[com.onesignal:OneSignal:3.13.2] AndroidManifest.xml:43:5-82
40-->[com.onesignal:OneSignal:3.13.2] AndroidManifest.xml:43:22-79
41    <uses-permission android:name="com.oppo.launcher.permission.WRITE_SETTINGS" /> <!-- EvMe -->
41-->[com.onesignal:OneSignal:3.13.2] AndroidManifest.xml:44:5-83
41-->[com.onesignal:OneSignal:3.13.2] AndroidManifest.xml:44:22-80
42    <uses-permission android:name="me.everything.badger.permission.BADGE_COUNT_READ" />
42-->[com.onesignal:OneSignal:3.13.2] AndroidManifest.xml:45:5-88
42-->[com.onesignal:OneSignal:3.13.2] AndroidManifest.xml:45:22-85
43    <uses-permission android:name="me.everything.badger.permission.BADGE_COUNT_WRITE" />
43-->[com.onesignal:OneSignal:3.13.2] AndroidManifest.xml:46:5-89
43-->[com.onesignal:OneSignal:3.13.2] AndroidManifest.xml:46:22-86
44    <uses-permission android:name="com.google.android.finsky.permission.BIND_GET_INSTALL_REFERRER_SERVICE" />
44-->[com.google.android.gms:play-services-measurement:17.2.2] AndroidManifest.xml:26:5-110
44-->[com.google.android.gms:play-services-measurement:17.2.2] AndroidManifest.xml:26:22-107
45
46    <application
46-->src\main\AndroidManifest.xml:16:5-54:19
47        android:name="com.sherdle.webtoapp.App"
47-->src\main\AndroidManifest.xml:21:9-48
48        android:allowBackup="true"
48-->src\main\AndroidManifest.xml:17:9-35
49        android:appComponentFactory="androidx.core.app.CoreComponentFactory"
49-->[androidx.core:core:1.1.0] AndroidManifest.xml:24:18-86
50        android:debuggable="true"
51        android:icon="@mipmap/ic_launcher"
51-->src\main\AndroidManifest.xml:18:9-43
52        android:label="@string/app_name"
52-->src\main\AndroidManifest.xml:19:9-41
53        android:theme="@style/AppTheme"
53-->src\main\AndroidManifest.xml:20:9-40
54        android:usesCleartextTraffic="true" >
54-->src\main\AndroidManifest.xml:22:9-44
55        <meta-data
55-->src\main\AndroidManifest.xml:24:9-26:35
56            android:name="com.google.android.gms.ads.AD_MANAGER_APP"
56-->src\main\AndroidManifest.xml:25:13-69
57            android:value="true" />
57-->src\main\AndroidManifest.xml:26:13-33
58
59        <activity
59-->src\main\AndroidManifest.xml:27:9-47:20
60            android:name="com.sherdle.webtoapp.activity.MainActivity"
60-->src\main\AndroidManifest.xml:28:13-50
61            android:configChanges="keyboardHidden|keyboard|orientation|screenSize"
61-->src\main\AndroidManifest.xml:29:13-83
62            android:hardwareAccelerated="true"
62-->src\main\AndroidManifest.xml:30:13-47
63            android:label="@string/app_name"
63-->src\main\AndroidManifest.xml:32:13-45
64            android:windowSoftInputMode="adjustResize" >
64-->src\main\AndroidManifest.xml:31:13-55
65            <intent-filter>
65-->src\main\AndroidManifest.xml:33:13-36:29
66                <action android:name="android.intent.action.MAIN" />
66-->src\main\AndroidManifest.xml:34:17-69
66-->src\main\AndroidManifest.xml:34:25-66
67
68                <category android:name="android.intent.category.LAUNCHER" />
68-->src\main\AndroidManifest.xml:35:17-77
68-->src\main\AndroidManifest.xml:35:27-74
69            </intent-filter>
70            <!--
71            <intent-filter>
72                <action android:name="android.intent.action.VIEW"></action>
73                <category android:name="android.intent.category.DEFAULT"></category>
74                <category android:name="android.intent.category.BROWSABLE"></category>
75                <data android:scheme="http" android:host="mysite.com" ></data>
76                <data android:scheme="http" android:host="*.mysite.com" ></data>
77                <data android:scheme="https" android:host="mysite.com" ></data>
78                <data android:scheme="https" android:host="*.mysite.com" ></data>
79            </intent-filter>
80            -->
81        </activity>
82
83        <!-- ADS -->
84        <activity
84-->src\main\AndroidManifest.xml:50:9-51:124
85            android:name="com.google.android.gms.ads.AdActivity"
85-->src\main\AndroidManifest.xml:50:19-71
86            android:configChanges="keyboard|keyboardHidden|orientation|screenLayout|uiMode|screenSize|smallestScreenSize"
86-->src\main\AndroidManifest.xml:51:13-122
87            android:exported="false"
87-->[com.google.android.gms:play-services-ads-lite:18.3.0] AndroidManifest.xml:32:13-37
88            android:theme="@android:style/Theme.Translucent" />
88-->[com.google.android.gms:play-services-ads-lite:18.3.0] AndroidManifest.xml:33:13-61
89
90        <meta-data
90-->[com.onesignal:OneSignal:3.13.2] AndroidManifest.xml:49:9-51:51
91            android:name="onesignal_app_id"
91-->[com.onesignal:OneSignal:3.13.2] AndroidManifest.xml:50:13-44
92            android:value="" /> <!-- Deprecated - Pulled from OneSignal dashboard. -->
92-->[com.onesignal:OneSignal:3.13.2] AndroidManifest.xml:51:13-48
93        <meta-data
93-->[com.onesignal:OneSignal:3.13.2] AndroidManifest.xml:53:9-55:70
94            android:name="onesignal_google_project_number"
94-->[com.onesignal:OneSignal:3.13.2] AndroidManifest.xml:54:13-59
95            android:value="str:REMOTE" />
95-->[com.onesignal:OneSignal:3.13.2] AndroidManifest.xml:55:13-67
96
97        <receiver
97-->[com.onesignal:OneSignal:3.13.2] AndroidManifest.xml:57:9-67:20
98            android:name="com.onesignal.GcmBroadcastReceiver"
98-->[com.onesignal:OneSignal:3.13.2] AndroidManifest.xml:58:13-62
99            android:permission="com.google.android.c2dm.permission.SEND" >
99-->[com.onesignal:OneSignal:3.13.2] AndroidManifest.xml:59:13-73
100
101            <!-- High priority so OneSignal payloads can be filtered from other GCM receivers if filterOtherGCMReceivers is enabled. -->
102            <intent-filter android:priority="999" >
102-->[com.onesignal:OneSignal:3.13.2] AndroidManifest.xml:62:13-66:29
102-->[com.onesignal:OneSignal:3.13.2] AndroidManifest.xml:62:28-50
103                <action android:name="com.google.android.c2dm.intent.RECEIVE" />
103-->[com.onesignal:OneSignal:3.13.2] AndroidManifest.xml:63:17-81
103-->[com.onesignal:OneSignal:3.13.2] AndroidManifest.xml:63:25-78
104
105                <category android:name="com.sherdle.webtoap" />
105-->[com.onesignal:OneSignal:3.13.2] AndroidManifest.xml:65:17-61
105-->[com.onesignal:OneSignal:3.13.2] AndroidManifest.xml:65:27-58
106            </intent-filter>
107        </receiver>
108        <receiver android:name="com.onesignal.NotificationOpenedReceiver" />
108-->[com.onesignal:OneSignal:3.13.2] AndroidManifest.xml:68:9-77
108-->[com.onesignal:OneSignal:3.13.2] AndroidManifest.xml:68:19-74
109
110        <service android:name="com.onesignal.GcmIntentService" />
110-->[com.onesignal:OneSignal:3.13.2] AndroidManifest.xml:70:9-66
110-->[com.onesignal:OneSignal:3.13.2] AndroidManifest.xml:70:18-63
111        <service
111-->[com.onesignal:OneSignal:3.13.2] AndroidManifest.xml:71:9-73:72
112            android:name="com.onesignal.GcmIntentJobService"
112-->[com.onesignal:OneSignal:3.13.2] AndroidManifest.xml:72:13-61
113            android:permission="android.permission.BIND_JOB_SERVICE" />
113-->[com.onesignal:OneSignal:3.13.2] AndroidManifest.xml:73:13-69
114        <service
114-->[com.onesignal:OneSignal:3.13.2] AndroidManifest.xml:74:9-76:72
115            android:name="com.onesignal.RestoreJobService"
115-->[com.onesignal:OneSignal:3.13.2] AndroidManifest.xml:75:13-59
116            android:permission="android.permission.BIND_JOB_SERVICE" />
116-->[com.onesignal:OneSignal:3.13.2] AndroidManifest.xml:76:13-69
117        <service
117-->[com.onesignal:OneSignal:3.13.2] AndroidManifest.xml:77:9-79:72
118            android:name="com.onesignal.RestoreKickoffJobService"
118-->[com.onesignal:OneSignal:3.13.2] AndroidManifest.xml:78:13-66
119            android:permission="android.permission.BIND_JOB_SERVICE" />
119-->[com.onesignal:OneSignal:3.13.2] AndroidManifest.xml:79:13-69
120        <service
120-->[com.onesignal:OneSignal:3.13.2] AndroidManifest.xml:80:9-82:43
121            android:name="com.onesignal.SyncService"
121-->[com.onesignal:OneSignal:3.13.2] AndroidManifest.xml:81:13-53
122            android:stopWithTask="true" />
122-->[com.onesignal:OneSignal:3.13.2] AndroidManifest.xml:82:13-40
123        <service
123-->[com.onesignal:OneSignal:3.13.2] AndroidManifest.xml:83:9-85:72
124            android:name="com.onesignal.SyncJobService"
124-->[com.onesignal:OneSignal:3.13.2] AndroidManifest.xml:84:13-56
125            android:permission="android.permission.BIND_JOB_SERVICE" />
125-->[com.onesignal:OneSignal:3.13.2] AndroidManifest.xml:85:13-69
126
127        <activity
127-->[com.onesignal:OneSignal:3.13.2] AndroidManifest.xml:87:9-89:75
128            android:name="com.onesignal.PermissionsActivity"
128-->[com.onesignal:OneSignal:3.13.2] AndroidManifest.xml:88:13-61
129            android:theme="@android:style/Theme.Translucent.NoTitleBar" />
129-->[com.onesignal:OneSignal:3.13.2] AndroidManifest.xml:89:13-72
130
131        <service android:name="com.onesignal.NotificationRestoreService" />
131-->[com.onesignal:OneSignal:3.13.2] AndroidManifest.xml:91:9-76
131-->[com.onesignal:OneSignal:3.13.2] AndroidManifest.xml:91:18-73
132
133        <receiver android:name="com.onesignal.BootUpReceiver" >
133-->[com.onesignal:OneSignal:3.13.2] AndroidManifest.xml:93:9-98:20
133-->[com.onesignal:OneSignal:3.13.2] AndroidManifest.xml:93:19-62
134            <intent-filter>
134-->[com.onesignal:OneSignal:3.13.2] AndroidManifest.xml:94:13-97:29
135                <action android:name="android.intent.action.BOOT_COMPLETED" />
135-->[com.onesignal:OneSignal:3.13.2] AndroidManifest.xml:95:17-79
135-->[com.onesignal:OneSignal:3.13.2] AndroidManifest.xml:95:25-76
136                <action android:name="android.intent.action.QUICKBOOT_POWERON" />
136-->[com.onesignal:OneSignal:3.13.2] AndroidManifest.xml:96:17-82
136-->[com.onesignal:OneSignal:3.13.2] AndroidManifest.xml:96:25-79
137            </intent-filter>
138        </receiver>
139        <receiver android:name="com.onesignal.UpgradeReceiver" >
139-->[com.onesignal:OneSignal:3.13.2] AndroidManifest.xml:99:9-103:20
139-->[com.onesignal:OneSignal:3.13.2] AndroidManifest.xml:99:19-63
140            <intent-filter>
140-->[com.onesignal:OneSignal:3.13.2] AndroidManifest.xml:100:13-102:29
141                <action android:name="android.intent.action.MY_PACKAGE_REPLACED" />
141-->[com.onesignal:OneSignal:3.13.2] AndroidManifest.xml:101:17-84
141-->[com.onesignal:OneSignal:3.13.2] AndroidManifest.xml:101:25-81
142            </intent-filter>
143        </receiver>
144        <receiver
144-->[com.google.android.gms:play-services-measurement:17.2.2] AndroidManifest.xml:29:9-33:20
145            android:name="com.google.android.gms.measurement.AppMeasurementReceiver"
145-->[com.google.android.gms:play-services-measurement:17.2.2] AndroidManifest.xml:30:13-85
146            android:enabled="true"
146-->[com.google.android.gms:play-services-measurement:17.2.2] AndroidManifest.xml:31:13-35
147            android:exported="false" >
147-->[com.google.android.gms:play-services-measurement:17.2.2] AndroidManifest.xml:32:13-37
148        </receiver>
149        <receiver
149-->[com.google.android.gms:play-services-measurement:17.2.2] AndroidManifest.xml:34:9-42:20
150            android:name="com.google.android.gms.measurement.AppMeasurementInstallReferrerReceiver"
150-->[com.google.android.gms:play-services-measurement:17.2.2] AndroidManifest.xml:35:13-100
151            android:enabled="true"
151-->[com.google.android.gms:play-services-measurement:17.2.2] AndroidManifest.xml:36:13-35
152            android:exported="true"
152-->[com.google.android.gms:play-services-measurement:17.2.2] AndroidManifest.xml:37:13-36
153            android:permission="android.permission.INSTALL_PACKAGES" >
153-->[com.google.android.gms:play-services-measurement:17.2.2] AndroidManifest.xml:38:13-69
154            <intent-filter>
154-->[com.google.android.gms:play-services-measurement:17.2.2] AndroidManifest.xml:39:13-41:29
155                <action android:name="com.android.vending.INSTALL_REFERRER" />
155-->[com.google.android.gms:play-services-measurement:17.2.2] AndroidManifest.xml:40:17-79
155-->[com.google.android.gms:play-services-measurement:17.2.2] AndroidManifest.xml:40:25-76
156            </intent-filter>
157        </receiver>
158
159        <service
159-->[com.google.android.gms:play-services-measurement:17.2.2] AndroidManifest.xml:44:9-47:40
160            android:name="com.google.android.gms.measurement.AppMeasurementService"
160-->[com.google.android.gms:play-services-measurement:17.2.2] AndroidManifest.xml:45:13-84
161            android:enabled="true"
161-->[com.google.android.gms:play-services-measurement:17.2.2] AndroidManifest.xml:46:13-35
162            android:exported="false" />
162-->[com.google.android.gms:play-services-measurement:17.2.2] AndroidManifest.xml:47:13-37
163        <service
163-->[com.google.android.gms:play-services-measurement:17.2.2] AndroidManifest.xml:48:9-52:72
164            android:name="com.google.android.gms.measurement.AppMeasurementJobService"
164-->[com.google.android.gms:play-services-measurement:17.2.2] AndroidManifest.xml:49:13-87
165            android:enabled="true"
165-->[com.google.android.gms:play-services-measurement:17.2.2] AndroidManifest.xml:50:13-35
166            android:exported="false"
166-->[com.google.android.gms:play-services-measurement:17.2.2] AndroidManifest.xml:51:13-37
167            android:permission="android.permission.BIND_JOB_SERVICE" />
167-->[com.google.android.gms:play-services-measurement:17.2.2] AndroidManifest.xml:52:13-69
168        <service
168-->[com.google.android.gms:play-services-measurement-api:17.2.2] AndroidManifest.xml:27:9-33:19
169            android:name="com.google.firebase.components.ComponentDiscoveryService"
169-->[com.google.android.gms:play-services-measurement-api:17.2.2] AndroidManifest.xml:28:13-84
170            android:directBootAware="true"
170-->[com.google.firebase:firebase-common:19.3.0] AndroidManifest.xml:34:13-43
171            android:exported="false" >
171-->[com.google.android.gms:play-services-measurement-api:17.2.2] AndroidManifest.xml:29:13-37
172            <meta-data
172-->[com.google.android.gms:play-services-measurement-api:17.2.2] AndroidManifest.xml:30:13-32:85
173                android:name="com.google.firebase.components:com.google.firebase.analytics.connector.internal.AnalyticsConnectorRegistrar"
173-->[com.google.android.gms:play-services-measurement-api:17.2.2] AndroidManifest.xml:31:17-139
174                android:value="com.google.firebase.components.ComponentRegistrar" />
174-->[com.google.android.gms:play-services-measurement-api:17.2.2] AndroidManifest.xml:32:17-82
175            <meta-data
175-->[com.google.firebase:firebase-iid:20.0.2] AndroidManifest.xml:32:13-34:85
176                android:name="com.google.firebase.components:com.google.firebase.iid.Registrar"
176-->[com.google.firebase:firebase-iid:20.0.2] AndroidManifest.xml:33:17-96
177                android:value="com.google.firebase.components.ComponentRegistrar" />
177-->[com.google.firebase:firebase-iid:20.0.2] AndroidManifest.xml:34:17-82
178        </service>
179        <!--
180             FirebaseMessagingService performs security checks at runtime,
181             but set to not exported to explicitly avoid allowing another app to call it.
182        -->
183        <service
183-->[com.google.firebase:firebase-messaging:20.0.0] AndroidManifest.xml:28:9-34:19
184            android:name="com.google.firebase.messaging.FirebaseMessagingService"
184-->[com.google.firebase:firebase-messaging:20.0.0] AndroidManifest.xml:29:13-82
185            android:exported="false" >
185-->[com.google.firebase:firebase-messaging:20.0.0] AndroidManifest.xml:30:13-37
186            <intent-filter android:priority="-500" >
186-->[com.google.firebase:firebase-messaging:20.0.0] AndroidManifest.xml:31:13-33:29
186-->[com.google.firebase:firebase-messaging:20.0.0] AndroidManifest.xml:31:28-51
187                <action android:name="com.google.firebase.MESSAGING_EVENT" />
187-->[com.google.firebase:firebase-messaging:20.0.0] AndroidManifest.xml:32:17-78
187-->[com.google.firebase:firebase-messaging:20.0.0] AndroidManifest.xml:32:25-75
188            </intent-filter>
189        </service>
190
191        <receiver
191-->[com.google.firebase:firebase-iid:20.0.2] AndroidManifest.xml:37:9-44:20
192            android:name="com.google.firebase.iid.FirebaseInstanceIdReceiver"
192-->[com.google.firebase:firebase-iid:20.0.2] AndroidManifest.xml:38:13-78
193            android:exported="true"
193-->[com.google.firebase:firebase-iid:20.0.2] AndroidManifest.xml:39:13-36
194            android:permission="com.google.android.c2dm.permission.SEND" >
194-->[com.google.firebase:firebase-iid:20.0.2] AndroidManifest.xml:40:13-73
195            <intent-filter>
195-->[com.google.firebase:firebase-iid:20.0.2] AndroidManifest.xml:41:13-43:29
196                <action android:name="com.google.android.c2dm.intent.RECEIVE" />
196-->[com.onesignal:OneSignal:3.13.2] AndroidManifest.xml:63:17-81
196-->[com.onesignal:OneSignal:3.13.2] AndroidManifest.xml:63:25-78
197            </intent-filter>
198        </receiver>
199
200        <activity
200-->[com.google.android.gms:play-services-base:17.0.0] AndroidManifest.xml:23:9-26:75
201            android:name="com.google.android.gms.common.api.GoogleApiActivity"
201-->[com.google.android.gms:play-services-base:17.0.0] AndroidManifest.xml:24:13-79
202            android:exported="false"
202-->[com.google.android.gms:play-services-base:17.0.0] AndroidManifest.xml:25:13-37
203            android:theme="@android:style/Theme.Translucent.NoTitleBar" />
203-->[com.google.android.gms:play-services-base:17.0.0] AndroidManifest.xml:26:13-72
204
205        <provider
205-->[com.google.android.gms:play-services-ads-lite:18.3.0] AndroidManifest.xml:35:9-39:39
206            android:name="com.google.android.gms.ads.MobileAdsInitProvider"
206-->[com.google.android.gms:play-services-ads-lite:18.3.0] AndroidManifest.xml:36:13-76
207            android:authorities="com.sherdle.webtoap.mobileadsinitprovider"
207-->[com.google.android.gms:play-services-ads-lite:18.3.0] AndroidManifest.xml:37:13-73
208            android:exported="false"
208-->[com.google.android.gms:play-services-ads-lite:18.3.0] AndroidManifest.xml:38:13-37
209            android:initOrder="100" />
209-->[com.google.android.gms:play-services-ads-lite:18.3.0] AndroidManifest.xml:39:13-36
210        <provider
210-->[com.google.firebase:firebase-common:19.3.0] AndroidManifest.xml:26:9-30:39
211            android:name="com.google.firebase.provider.FirebaseInitProvider"
211-->[com.google.firebase:firebase-common:19.3.0] AndroidManifest.xml:27:13-77
212            android:authorities="com.sherdle.webtoap.firebaseinitprovider"
212-->[com.google.firebase:firebase-common:19.3.0] AndroidManifest.xml:28:13-72
213            android:exported="false"
213-->[com.google.firebase:firebase-common:19.3.0] AndroidManifest.xml:29:13-37
214            android:initOrder="100" />
214-->[com.google.firebase:firebase-common:19.3.0] AndroidManifest.xml:30:13-36
215
216        <meta-data
216-->[com.google.android.gms:play-services-basement:17.0.0] AndroidManifest.xml:23:9-25:69
217            android:name="com.google.android.gms.version"
217-->[com.google.android.gms:play-services-basement:17.0.0] AndroidManifest.xml:24:13-58
218            android:value="@integer/google_play_services_version" />
218-->[com.google.android.gms:play-services-basement:17.0.0] AndroidManifest.xml:25:13-66
219    </application>
220
221</manifest>